#
# A fatal error has been detected by the Java Runtime Environment:
#
#  EXCEPTION_ACCESS_VIOLATION (0xc0000005) at pc=0x000000000400ec9e, pid=4088, tid=0x0000000000001ca4
#
# JRE version: OpenJDK Runtime Environment (8.0_242-b01) (build 1.8.0_242-release-1644-b01)
# Java VM: OpenJDK 64-Bit Server VM (25.242-b01 mixed mode windows-amd64 compressed oops)
# Problematic frame:
# J 12620 C2 org.gradle.internal.execution.history.changes.SortedMapDiffUtil.diff(Ljava/util/SortedMap;Ljava/util/SortedMap;Lorg/gradle/internal/execution/history/changes/PropertyDiffListener;)Z (360 bytes) @ 0x000000000400ec9e [0x000000000400e580+0x71e]
#
# Failed to write core dump. Minidumps are not enabled by default on client versions of Windows
#
# If you would like to submit a bug report, please visit:
#   
#

---------------  T H R E A D  ---------------

Current thread (0x000000001f39b000):  JavaThread "Build operations Thread 4" [_thread_in_Java, id=7332, stack(0x0000000020e20000,0x0000000020f20000)]

siginfo: ExceptionCode=0xc0000005, reading address 0x00000000000000a0

Registers:
RAX=0x0000000000000000, RBX=0x000000002001cbc4, RCX=0x0000000000000008, RDX=0x0000000000000000
RSP=0x0000000020f1e1a0, RBP=0x000000008095d698, RSI=0x0000000000000088, RDI=0x0000000081e51422
R8 =0x0000000000000011, R9 =0x0000000081e513c8, R10=0x0000000080450eb8, R11=0x00000000805d3468
R12=0x0000000000000000, R13=0x00000000807a44a8, R14=0x00000001000e5e20, R15=0x000000001f39b000
RIP=0x000000000400ec9e, EFLAGS=0x0000000000010246

Top of Stack: (sp=0x0000000020f1e1a0)
0x0000000020f1e1a0:   00000000e0079698 00000000027fc7d9
0x0000000020f1e1b0:   00000000e006e650 e006e5c8800ca9f0
0x0000000020f1e1c0:   2001cbc42001cbc4 00000000807a44a8
0x0000000020f1e1d0:   00000000e0091e28 00000000e0091e58
0x0000000020f1e1e0:   00000000e0091e40 2012022c00000001
0x0000000020f1e1f0:   00000000807a44a8 00000000805d3468
0x0000000020f1e200:   00000000e0091e28 0000000081e513c8
0x0000000020f1e210:   00000000e0092060 0000000081e513c8
0x0000000020f1e220:   0000000080146be8 0000000f00000010
0x0000000020f1e230:   0000000800000002 80146be80000000d
0x0000000020f1e240:   00000000818ad4a0 00000000818ad4f0
0x0000000020f1e250:   0000000000000000 00000000e00917e0
0x0000000020f1e260:   0000000081e51328 0000000005850434
0x0000000020f1e270:   00000000e00917e0 0000ea15f7fbc651
0x0000000020f1e280:   00000000e00915e0 0000000000000000
0x0000000020f1e290:   0000000000000000 0000000000000000 

Instructions: (pc=0x000000000400ec9e)
0x000000000400ec7e:   8b 5c 24 78 4c 89 5c 24 68 4c 8b 5c 24 58 45 8b
0x000000000400ec8e:   43 08 48 be 00 00 00 00 00 00 00 00 4a 8d 34 c6
0x000000000400ec9e:   4c 8b 5e 18 48 b8 a8 ee 26 00 01 00 00 00 4c 3b
0x000000000400ecae:   d8 0f 85 cb 09 00 00 4c 8b 5c 24 58 4c 89 5c 24 


Register to memory mapping:

RAX=0x0000000000000000 is an unknown value
RBX=0x000000002001cbc4 is an unknown value
RCX=0x0000000000000008 is an unknown value
RDX=0x0000000000000000 is an unknown value
RSP=0x0000000020f1e1a0 is pointing into the stack for thread: 0x000000001f39b000
RBP=0x000000008095d698 is an oop
java.lang.String 
 - klass: 'java/lang/String'
RSI=0x0000000000000088 is an unknown value
RDI=0x0000000081e51422 is pointing into object: 0x0000000081e513e0
[C 
 - klass: {type array char}
 - length: 25
R8 =0x0000000000000011 is an unknown value
R9 =0x0000000081e513c8 is an oop
java.lang.String 
 - klass: 'java/lang/String'
R10=0x0000000080450eb8 is an oop
org.gradle.internal.fingerprint.impl.EmptyCurrentFileCollectionFingerprint 
 - klass: 'org/gradle/internal/fingerprint/impl/EmptyCurrentFileCollectionFingerprint'
R11=0x00000000805d3468 is pointing into object: 0x00000000805d3458
java.lang.String 
 - klass: 'java/lang/String'
R12=0x0000000000000000 is an unknown value
R13=0x00000000807a44a8 is an oop
com.google.common.collect.NaturalOrdering 
 - klass: 'com/google/common/collect/NaturalOrdering'
R14=0x00000001000e5e20 is pointing into metadata
R15=0x000000001f39b000 is a thread


Stack: [0x0000000020e20000,0x0000000020f20000],  sp=0x0000000020f1e1a0,  free space=1016k
Native frames: (J=compiled Java code, j=interpreted, Vv=VM code, C=native code)
C  0x000000000400ec9e


---------------  P R O C E S S  ---------------

Java Threads: ( => current thread )
  0x0000000019c3c000 JavaThread "stdout" [_thread_in_native, id=11512, stack(0x000000002e950000,0x000000002ea50000)]
  0x0000000019c3b000 JavaThread "stderr" [_thread_in_native, id=11688, stack(0x000000002e6e0000,0x000000002e7e0000)]
  0x0000000019c3f800 JavaThread "pool-65-thread-1" [_thread_blocked, id=10812, stack(0x000000002e850000,0x000000002e950000)]
  0x0000000019c3f000 JavaThread "WorkerExecutor Queue" [_thread_blocked, id=11568, stack(0x000000002b1f0000,0x000000002b2f0000)]
  0x0000000019c41000 JavaThread "Cache worker for execution history cache (E:\GitHub\Android-Chat-Spatial-App-Like-WhatsApp\.gradle\6.5\executionHistory)" [_thread_blocked, id=3712, stack(0x000000002aea0000,0x000000002afa0000)]
  0x000000001da55800 JavaThread "Execution worker for ':' Thread 3" [_thread_blocked, id=8200, stack(0x000000002a9a0000,0x000000002aaa0000)]
  0x000000001da50800 JavaThread "Execution worker for ':' Thread 2" [_thread_blocked, id=3044, stack(0x000000002a2a0000,0x000000002a3a0000)]
  0x000000001da55000 JavaThread "Execution worker for ':'" [_thread_blocked, id=3312, stack(0x00000000294d0000,0x00000000295d0000)]
  0x000000001da54000 JavaThread "Cache worker for file content cache (E:\GitHub\Android-Chat-Spatial-App-Like-WhatsApp\.gradle\6.5\fileContent)" [_thread_blocked, id=6420, stack(0x00000000284d0000,0x00000000285d0000)]
  0x000000001da57000 JavaThread "pool-64-thread-1" [_thread_blocked, id=2980, stack(0x00000000281d0000,0x00000000282d0000)]
  0x000000001da53800 JavaThread "Cache worker for Build Output Cleanup Cache (E:\GitHub\Android-Chat-Spatial-App-Like-WhatsApp\.gradle\buildOutputCleanup)" [_thread_blocked, id=6536, stack(0x0000000027ed0000,0x0000000027fd0000)]
  0x000000001da56800 JavaThread "jar transforms Thread 2444" [_thread_blocked, id=2260, stack(0x0000000027dd0000,0x0000000027ed0000)]
  0x000000001da52800 JavaThread "jar transforms Thread 2443" [_thread_blocked, id=5672, stack(0x0000000027cd0000,0x0000000027dd0000)]
  0x000000001da51000 JavaThread "jar transforms Thread 2442" [_thread_blocked, id=7744, stack(0x0000000027bd0000,0x0000000027cd0000)]
  0x000000001da48000 JavaThread "jar transforms Thread 2441" [_thread_blocked, id=10836, stack(0x0000000027ad0000,0x0000000027bd0000)]
  0x000000001da4d800 JavaThread "jar transforms Thread 2440" [_thread_blocked, id=428, stack(0x00000000279d0000,0x0000000027ad0000)]
  0x000000001da4e000 JavaThread "jar transforms Thread 2439" [_thread_blocked, id=3116, stack(0x00000000278d0000,0x00000000279d0000)]
  0x000000001da4c800 JavaThread "jar transforms Thread 2438" [_thread_blocked, id=10016, stack(0x00000000277d0000,0x00000000278d0000)]
  0x000000001da4a800 JavaThread "jar transforms Thread 2437" [_thread_blocked, id=10592, stack(0x00000000276d0000,0x00000000277d0000)]
  0x000000001da49800 JavaThread "jar transforms Thread 2436" [_thread_blocked, id=10760, stack(0x00000000275d0000,0x00000000276d0000)]
  0x000000001da4c000 JavaThread "jar transforms Thread 2435" [_thread_blocked, id=10676, stack(0x00000000274d0000,0x00000000275d0000)]
  0x000000001da49000 JavaThread "jar transforms Thread 2434" [_thread_blocked, id=1420, stack(0x00000000273d0000,0x00000000274d0000)]
  0x0000000019f4d000 JavaThread "jar transforms Thread 2433" [_thread_blocked, id=11232, stack(0x00000000272d0000,0x00000000273d0000)]
  0x0000000019f4e800 JavaThread "jar transforms Thread 2432" [_thread_blocked, id=6180, stack(0x00000000271d0000,0x00000000272d0000)]
  0x0000000019f52800 JavaThread "jar transforms Thread 2431" [_thread_blocked, id=12028, stack(0x00000000270d0000,0x00000000271d0000)]
  0x0000000019f53000 JavaThread "jar transforms Thread 2430" [_thread_blocked, id=12264, stack(0x0000000026fd0000,0x00000000270d0000)]
  0x0000000019f50000 JavaThread "jar transforms Thread 2429" [_thread_blocked, id=9348, stack(0x0000000026ed0000,0x0000000026fd0000)]
  0x0000000019f51800 JavaThread "jar transforms Thread 2428" [_thread_blocked, id=5456, stack(0x0000000026dd0000,0x0000000026ed0000)]
  0x0000000019f51000 JavaThread "jar transforms Thread 2427" [_thread_blocked, id=11936, stack(0x0000000026cd0000,0x0000000026dd0000)]
  0x0000000019f4f800 JavaThread "jar transforms Thread 2426" [_thread_blocked, id=12232, stack(0x0000000026bd0000,0x0000000026cd0000)]
  0x0000000019f4e000 JavaThread "jar transforms Thread 2425" [_thread_blocked, id=11436, stack(0x0000000026ad0000,0x0000000026bd0000)]
  0x0000000019f45800 JavaThread "jar transforms Thread 2424" [_thread_blocked, id=12064, stack(0x00000000269d0000,0x0000000026ad0000)]
  0x0000000019f4c800 JavaThread "jar transforms Thread 2423" [_thread_blocked, id=1976, stack(0x00000000268d0000,0x00000000269d0000)]
  0x0000000019f4b000 JavaThread "jar transforms Thread 2422" [_thread_blocked, id=3028, stack(0x00000000267d0000,0x00000000268d0000)]
  0x0000000019f48800 JavaThread "jar transforms Thread 2421" [_thread_blocked, id=3284, stack(0x00000000266d0000,0x00000000267d0000)]
  0x0000000019f4a000 JavaThread "jar transforms Thread 2420" [_thread_blocked, id=2704, stack(0x00000000265d0000,0x00000000266d0000)]
  0x0000000019f48000 JavaThread "jar transforms Thread 2419" [_thread_blocked, id=8324, stack(0x00000000264d0000,0x00000000265d0000)]
  0x0000000019f49800 JavaThread "jar transforms Thread 2418" [_thread_blocked, id=8184, stack(0x00000000263d0000,0x00000000264d0000)]
  0x0000000019f47000 JavaThread "jar transforms Thread 2417" [_thread_blocked, id=4420, stack(0x00000000262d0000,0x00000000263d0000)]
  0x0000000019f46800 JavaThread "jar transforms Thread 2416" [_thread_blocked, id=10672, stack(0x00000000261d0000,0x00000000262d0000)]
  0x000000001b7b1000 JavaThread "jar transforms Thread 2415" [_thread_blocked, id=9688, stack(0x00000000260d0000,0x00000000261d0000)]
  0x000000001b7b0000 JavaThread "jar transforms Thread 2414" [_thread_blocked, id=11556, stack(0x0000000025fd0000,0x00000000260d0000)]
  0x000000001b7af800 JavaThread "jar transforms Thread 2413" [_thread_blocked, id=11560, stack(0x0000000025ed0000,0x0000000025fd0000)]
  0x000000001b7ae800 JavaThread "jar transforms Thread 2412" [_thread_blocked, id=1288, stack(0x0000000025dd0000,0x0000000025ed0000)]
  0x000000001b7ad000 JavaThread "jar transforms Thread 2411" [_thread_blocked, id=11068, stack(0x0000000025cd0000,0x0000000025dd0000)]
  0x000000001b7b1800 JavaThread "jar transforms Thread 2410" [_thread_blocked, id=3976, stack(0x0000000025bd0000,0x0000000025cd0000)]
  0x000000001b7ab800 JavaThread "jar transforms Thread 2409" [_thread_blocked, id=8776, stack(0x0000000025ad0000,0x0000000025bd0000)]
  0x000000001b7ae000 JavaThread "jar transforms Thread 2408" [_thread_blocked, id=10864, stack(0x00000000259d0000,0x0000000025ad0000)]
  0x000000001b7a6800 JavaThread "jar transforms Thread 2407" [_thread_blocked, id=12084, stack(0x00000000258d0000,0x00000000259d0000)]
  0x000000001b7ab000 JavaThread "jar transforms Thread 2406" [_thread_blocked, id=9212, stack(0x00000000257d0000,0x00000000258d0000)]
  0x000000001b7a3800 JavaThread "jar transforms Thread 2405" [_thread_blocked, id=8692, stack(0x00000000256d0000,0x00000000257d0000)]
  0x000000001b7a8800 JavaThread "jar transforms Thread 2404" [_thread_blocked, id=9936, stack(0x00000000255d0000,0x00000000256d0000)]
  0x000000001b7a8000 JavaThread "jar transforms Thread 2403" [_thread_blocked, id=12208, stack(0x00000000254d0000,0x00000000255d0000)]
  0x000000001b7a7000 JavaThread "jar transforms Thread 2402" [_thread_blocked, id=7488, stack(0x00000000253d0000,0x00000000254d0000)]
  0x000000001b7aa000 JavaThread "jar transforms Thread 2401" [_thread_blocked, id=11784, stack(0x00000000252d0000,0x00000000253d0000)]
  0x000000001b7a2800 JavaThread "jar transforms Thread 2400" [_thread_blocked, id=10216, stack(0x00000000251d0000,0x00000000252d0000)]
  0x000000001b7a5800 JavaThread "jar transforms Thread 2399" [_thread_blocked, id=10060, stack(0x00000000250d0000,0x00000000251d0000)]
  0x000000001b7a5000 JavaThread "jar transforms Thread 2398" [_thread_blocked, id=7952, stack(0x0000000024fd0000,0x00000000250d0000)]
  0x000000001b7a4000 JavaThread "jar transforms Thread 2397" [_thread_blocked, id=6020, stack(0x0000000024ed0000,0x0000000024fd0000)]
  0x000000001b7a9800 JavaThread "jar transforms Thread 2396" [_thread_blocked, id=10040, stack(0x0000000024dd0000,0x0000000024ed0000)]
  0x000000001996d000 JavaThread "jar transforms Thread 2395" [_thread_blocked, id=12132, stack(0x0000000024cd0000,0x0000000024dd0000)]
  0x000000001996f800 JavaThread "jar transforms Thread 2394" [_thread_blocked, id=9716, stack(0x0000000024bd0000,0x0000000024cd0000)]
  0x000000001996a000 JavaThread "jar transforms Thread 2393" [_thread_blocked, id=4068, stack(0x0000000024ad0000,0x0000000024bd0000)]
  0x000000001996e000 JavaThread "jar transforms Thread 2392" [_thread_blocked, id=10872, stack(0x00000000249d0000,0x0000000024ad0000)]
  0x0000000019970000 JavaThread "jar transforms Thread 2391" [_thread_blocked, id=11120, stack(0x00000000248d0000,0x00000000249d0000)]
  0x000000001996c800 JavaThread "jar transforms Thread 2390" [_thread_blocked, id=5752, stack(0x00000000247d0000,0x00000000248d0000)]
  0x0000000019968800 JavaThread "jar transforms Thread 2389" [_thread_blocked, id=5552, stack(0x00000000246d0000,0x00000000247d0000)]
  0x000000001996b800 JavaThread "jar transforms Thread 2388" [_thread_blocked, id=11940, stack(0x00000000245d0000,0x00000000246d0000)]
  0x000000001996b000 JavaThread "jar transforms Thread 2387" [_thread_blocked, id=8984, stack(0x00000000244d0000,0x00000000245d0000)]
  0x000000001996e800 JavaThread "jar transforms Thread 2386" [_thread_blocked, id=10600, stack(0x00000000243d0000,0x00000000244d0000)]
  0x0000000019969800 JavaThread "jar transforms Thread 2385" [_thread_blocked, id=6088, stack(0x00000000242d0000,0x00000000243d0000)]
  0x0000000019961000 JavaThread "jar transforms Thread 2384" [_thread_blocked, id=7892, stack(0x00000000241d0000,0x00000000242d0000)]
  0x0000000019968000 JavaThread "jar transforms Thread 2383" [_thread_blocked, id=5536, stack(0x00000000240d0000,0x00000000241d0000)]
  0x0000000019966800 JavaThread "jar transforms Thread 2382" [_thread_blocked, id=11284, stack(0x0000000023fd0000,0x00000000240d0000)]
  0x0000000019965000 JavaThread "jar transforms Thread 2381" [_thread_blocked, id=1524, stack(0x0000000023ed0000,0x0000000023fd0000)]
  0x0000000019965800 JavaThread "jar transforms Thread 2380" [_thread_blocked, id=3024, stack(0x0000000023dd0000,0x0000000023ed0000)]
  0x0000000019962000 JavaThread "jar transforms Thread 2379" [_thread_blocked, id=8748, stack(0x0000000023cd0000,0x0000000023dd0000)]
  0x0000000019964000 JavaThread "jar transforms Thread 2378" [_thread_blocked, id=8268, stack(0x0000000023bd0000,0x0000000023cd0000)]
  0x0000000019967000 JavaThread "jar transforms Thread 2377" [_thread_blocked, id=11740, stack(0x0000000023ad0000,0x0000000023bd0000)]
  0x0000000019963800 JavaThread "jar transforms Thread 2376" [_thread_blocked, id=7724, stack(0x00000000239d0000,0x0000000023ad0000)]
  0x000000002080e000 JavaThread "jar transforms Thread 2375" [_thread_blocked, id=11968, stack(0x00000000238d0000,0x00000000239d0000)]
  0x0000000020811000 JavaThread "jar transforms Thread 2374" [_thread_blocked, id=11920, stack(0x00000000237d0000,0x00000000238d0000)]
  0x000000002080c800 JavaThread "jar transforms Thread 2373" [_thread_blocked, id=11080, stack(0x00000000236d0000,0x00000000237d0000)]
  0x000000002080f800 JavaThread "jar transforms Thread 2372" [_thread_blocked, id=10400, stack(0x00000000235d0000,0x00000000236d0000)]
  0x000000002080d800 JavaThread "jar transforms Thread 2371" [_thread_blocked, id=10932, stack(0x00000000234d0000,0x00000000235d0000)]
  0x0000000020810800 JavaThread "jar transforms Thread 2370" [_thread_blocked, id=11076, stack(0x00000000233d0000,0x00000000234d0000)]
  0x000000002080c000 JavaThread "jar transforms Thread 2369" [_thread_blocked, id=9732, stack(0x00000000232d0000,0x00000000233d0000)]
  0x000000002080f000 JavaThread "jar transforms Thread 2368" [_thread_blocked, id=468, stack(0x00000000231d0000,0x00000000232d0000)]
  0x0000000020812000 JavaThread "jar transforms Thread 2367" [_thread_blocked, id=8060, stack(0x00000000230d0000,0x00000000231d0000)]
  0x0000000020804800 JavaThread "jar transforms Thread 2366" [_thread_blocked, id=11980, stack(0x0000000022fd0000,0x00000000230d0000)]
  0x0000000020805000 JavaThread "jar transforms Thread 2365" [_thread_blocked, id=6608, stack(0x0000000022ed0000,0x0000000022fd0000)]
  0x0000000020808000 JavaThread "jar transforms Thread 2364" [_thread_blocked, id=9188, stack(0x0000000022dd0000,0x0000000022ed0000)]
  0x000000002080b000 JavaThread "jar transforms Thread 2363" [_thread_blocked, id=6756, stack(0x0000000022cd0000,0x0000000022dd0000)]
  0x0000000020803000 JavaThread "jar transforms Thread 2362" [_thread_blocked, id=7312, stack(0x0000000022bd0000,0x0000000022cd0000)]
  0x0000000020809800 JavaThread "jar transforms Thread 2361" [_thread_blocked, id=6740, stack(0x0000000022ad0000,0x0000000022bd0000)]
  0x0000000020803800 JavaThread "jar transforms Thread 2360" [_thread_blocked, id=10920, stack(0x00000000229d0000,0x0000000022ad0000)]
  0x0000000020807800 JavaThread "jar transforms Thread 2359" [_thread_blocked, id=12172, stack(0x00000000228d0000,0x00000000229d0000)]
  0x0000000020806000 JavaThread "jar transforms Thread 2358" [_thread_blocked, id=7824, stack(0x00000000227d0000,0x00000000228d0000)]
  0x0000000020809000 JavaThread "jar transforms Thread 2357" [_thread_blocked, id=3092, stack(0x00000000226d0000,0x00000000227d0000)]
  0x0000000020806800 JavaThread "jar transforms Thread 2356" [_thread_blocked, id=8508, stack(0x00000000225d0000,0x00000000226d0000)]
  0x000000001f399000 JavaThread "jar transforms Thread 2355" [_thread_blocked, id=8948, stack(0x00000000224d0000,0x00000000225d0000)]
  0x000000001f398000 JavaThread "jar transforms Thread 2354" [_thread_blocked, id=2908, stack(0x00000000223d0000,0x00000000224d0000)]
  0x000000001f397800 JavaThread "jar transforms Thread 2353" [_thread_blocked, id=6032, stack(0x00000000222d0000,0x00000000223d0000)]
  0x000000001f396800 JavaThread "jar transforms Thread 2352" [_thread_blocked, id=10536, stack(0x00000000221d0000,0x00000000222d0000)]
  0x000000001f39c000 JavaThread "jar transforms Thread 2351" [_thread_blocked, id=2708, stack(0x00000000220d0000,0x00000000221d0000)]
=>0x000000001f39b000 JavaThread "Build operations Thread 4" [_thread_in_Java, id=7332, stack(0x0000000020e20000,0x0000000020f20000)]
  0x000000001f399800 JavaThread "Build operations Thread 3" [_thread_blocked, id=11892, stack(0x0000000020c20000,0x0000000020d20000)]
  0x000000001f39d800 JavaThread "Build operations Thread 2" [_thread_blocked, id=11480, stack(0x000000001d4b0000,0x000000001d5b0000)]
  0x000000001f39a800 JavaThread "Build operations" [_thread_blocked, id=7372, stack(0x000000001cdb0000,0x000000001ceb0000)]
  0x000000001f39c800 JavaThread "Cache worker for cache directory md-rule (C:\Users\papon\.gradle\caches\6.5\md-rule)" [_thread_blocked, id=11860, stack(0x000000001ccb0000,0x000000001cdb0000)]
  0x000000001f38f000 JavaThread "Cache worker for cache directory md-supplier (C:\Users\papon\.gradle\caches\6.5\md-supplier)" [_thread_blocked, id=11204, stack(0x000000001cbb0000,0x000000001ccb0000)]
  0x000000001f396000 JavaThread "Cache worker for checksums cache (E:\GitHub\Android-Chat-Spatial-App-Like-WhatsApp\.gradle\checksums)" [_thread_blocked, id=10604, stack(0x000000001cab0000,0x000000001cbb0000)]
  0x000000001f390800 JavaThread "Cache worker for file hash cache (E:\GitHub\Android-Chat-Spatial-App-Like-WhatsApp\.gradle\6.5\fileHashes)" [_thread_blocked, id=11356, stack(0x000000001c9b0000,0x000000001cab0000)]
  0x000000001f392000 JavaThread "Thread-3121" [_thread_blocked, id=12076, stack(0x000000001c6b0000,0x000000001c7b0000)]
  0x000000001f393000 JavaThread "Stdin handler" [_thread_blocked, id=11640, stack(0x000000001c5b0000,0x000000001c6b0000)]
  0x000000001f391800 JavaThread "Asynchronous log dispatcher for DefaultDaemonConnection: socket connection from /127.0.0.1:53487 to /127.0.0.1:62769" [_thread_blocked, id=10852, stack(0x000000001c160000,0x000000001c260000)]
  0x000000001f38e800 JavaThread "Daemon worker Thread 26" [_thread_blocked, id=7060, stack(0x000000001c060000,0x000000001c160000)]
  0x000000001f390000 JavaThread "Cancel handler" [_thread_blocked, id=12244, stack(0x0000000000a30000,0x0000000000b30000)]
  0x000000001f395000 JavaThread "Handler for socket connection from /127.0.0.1:53487 to /127.0.0.1:62769" [_thread_in_native, id=11776, stack(0x0000000000930000,0x0000000000a30000)]
  0x000000001f394800 JavaThread "Daemon Thread 26" [_thread_blocked, id=7136, stack(0x0000000000830000,0x0000000000930000)]
  0x000000001da4b000 JavaThread "Cache worker for Java compile cache (C:\Users\papon\.gradle\caches\6.5\javaCompile)" [_thread_blocked, id=3480, stack(0x000000002a8a0000,0x000000002a9a0000)]
  0x0000000019c48000 JavaThread "Memory manager" [_thread_blocked, id=5476, stack(0x00000000293d0000,0x00000000294d0000)]
  0x000000001b045800 JavaThread "Cache worker for file content cache (C:\Users\papon\.gradle\caches\6.5\fileContent)" [_thread_blocked, id=2588, stack(0x00000000217d0000,0x00000000218d0000)]
  0x000000001b041000 JavaThread "Cache worker for execution history cache (C:\Users\papon\.gradle\caches\6.5\executionHistory)" [_thread_blocked, id=3792, stack(0x0000000020d20000,0x0000000020e20000)]
  0x000000001b042800 JavaThread "Cache worker for file hash cache (C:\Users\papon\.gradle\caches\6.5\fileHashes)" [_thread_blocked, id=8288, stack(0x000000001d3b0000,0x000000001d4b0000)]
  0x000000001b041800 JavaThread "File lock request listener" [_thread_in_native, id=2372, stack(0x000000001d2b0000,0x000000001d3b0000)]
  0x00000000193c1000 JavaThread "Cache worker for journal cache (C:\Users\papon\.gradle\caches\journal-1)" [_thread_blocked, id=2688, stack(0x000000001d1b0000,0x000000001d2b0000)]
  0x000000001ae71000 JavaThread "Daemon periodic checks" [_thread_blocked, id=4748, stack(0x000000001c4b0000,0x000000001c5b0000)]
  0x000000001adef000 JavaThread "Incoming local TCP Connector on port 53487" [_thread_in_native, id=636, stack(0x000000001c260000,0x000000001c360000)]
  0x000000001adb0000 JavaThread "Daemon health stats" [_thread_blocked, id=10036, stack(0x000000001bc20000,0x000000001bd20000)]
  0x0000000018cb0800 JavaThread "Service Thread" daemon [_thread_blocked, id=6508, stack(0x0000000019080000,0x0000000019180000)]
  0x0000000017324000 JavaThread "C1 CompilerThread2" daemon [_thread_blocked, id=6728, stack(0x0000000018b80000,0x0000000018c80000)]
  0x0000000017320800 JavaThread "C2 CompilerThread1" daemon [_thread_blocked, id=6968, stack(0x0000000018a80000,0x0000000018b80000)]
  0x0000000017318800 JavaThread "C2 CompilerThread0" daemon [_thread_blocked, id=9840, stack(0x0000000018980000,0x0000000018a80000)]
  0x0000000017317000 JavaThread "Attach Listener" daemon [_thread_blocked, id=7252, stack(0x0000000018880000,0x0000000018980000)]
  0x0000000017315800 JavaThread "Signal Dispatcher" daemon [_thread_blocked, id=1740, stack(0x0000000018780000,0x0000000018880000)]
  0x00000000026ed000 JavaThread "Finalizer" daemon [_thread_blocked, id=1660, stack(0x0000000018580000,0x0000000018680000)]
  0x00000000172f9000 JavaThread "Reference Handler" daemon [_thread_blocked, id=8036, stack(0x0000000018480000,0x0000000018580000)]
  0x00000000025f3000 JavaThread "main" [_thread_blocked, id=9668, stack(0x00000000024f0000,0x00000000025f0000)]

Other Threads:
  0x00000000172d6000 VMThread [stack: 0x0000000018380000,0x0000000018480000] [id=6412]
  0x000000001736e000 WatcherThread [stack: 0x0000000019180000,0x0000000019280000] [id=9072]

VM state:not at safepoint (normal execution)

VM Mutex/Monitor currently owned by a thread: None

heap address: 0x0000000080000000, size: 2048 MB, Compressed Oops mode: 32-bit
Narrow klass base: 0x0000000000000000, Narrow klass shift: 3
Compressed class space size: 1073741824 Address: 0x0000000100000000

Heap:
 PSYoungGen      total 604160K, used 187446K [0x00000000d5580000, 0x0000000100000000, 0x0000000100000000)
  eden space 595456K, 30% used [0x00000000d5580000,0x00000000e048b998,0x00000000f9b00000)
  from space 8704K, 94% used [0x00000000f9b00000,0x00000000fa302040,0x00000000fa380000)
  to   space 52736K, 0% used [0x00000000fcc80000,0x00000000fcc80000,0x0000000100000000)
 ParOldGen       total 248320K, used 76487K [0x0000000080000000, 0x000000008f280000, 0x00000000d5580000)
  object space 248320K, 30% used [0x0000000080000000,0x0000000084ab1cf0,0x000000008f280000)
 Metaspace       used 102852K, capacity 110849K, committed 111000K, reserved 1146880K
  class space    used 13112K, capacity 14386K, committed 14512K, reserved 1048576K

Card table byte_map: [0x0000000011ab0000,0x0000000011ec0000] byte_map_base: 0x00000000116b0000

Marking Bits: (ParMarkBitMap*) 0x0000000057d8f030
 Begin Bits: [0x0000000012570000, 0x0000000014570000)
 End Bits:   [0x0000000014570000, 0x0000000016570000)

Polling page: 0x0000000000be0000

CodeCache: size=245760Kb used=78368Kb max_used=78399Kb free=167391Kb
 bounds [0x00000000026f0000, 0x0000000007420000, 0x00000000116f0000]
 total_blobs=22365 nmethods=21449 adapters=825
 compilation: enabled

Compilation events (10 events):
Event: 19476.024 Thread 0x0000000017318800 28349       4       org.gradle.api.internal.artifacts.ivyservice.resolveengine.artifact.CompositeResolvedArtifactSet::startVisit (78 bytes)
Event: 19476.053 Thread 0x0000000017318800 nmethod 28349 0x00000000052e9d50 code [0x00000000052e9f60, 0x00000000052eae08]
Event: 19476.073 Thread 0x0000000017320800 28350       4       java.io.ObjectOutputStream::writeClassDesc (60 bytes)
Event: 19476.262 Thread 0x0000000017318800 28351       4       java.util.concurrent.FutureTask::report (37 bytes)
Event: 19476.263 Thread 0x0000000017318800 nmethod 28351 0x0000000005942b10 code [0x0000000005942c40, 0x0000000005942cb8]
Event: 19476.281 Thread 0x0000000017320800 nmethod 28350 0x00000000073fec10 code [0x00000000073ff120, 0x0000000007404ab8]
Event: 19476.284 Thread 0x0000000017324000 28352       3       com.android.build.gradle.internal.AndroidJarInput$getAndroidJar$1::transform (9 bytes)
Event: 19476.285 Thread 0x0000000017324000 nmethod 28352 0x0000000003def710 code [0x0000000003def880, 0x0000000003defc30]
Event: 19476.285 Thread 0x0000000017324000 28353       3       com.android.build.gradle.internal.AndroidJarInput$getAndroidJar$1::transform (5 bytes)
Event: 19476.285 Thread 0x0000000017324000 nmethod 28353 0x0000000004f08d10 code [0x0000000004f08e60, 0x0000000004f09050]

GC Heap History (10 events):
Event: 15904.932 GC heap before
{Heap before GC invocations=29 (full 4):
 PSYoungGen      total 655872K, used 629672K [0x00000000d5580000, 0x00000000fff00000, 0x0000000100000000)
  eden space 614912K, 99% used [0x00000000d5580000,0x00000000fadfe320,0x00000000fae00000)
  from space 40960K, 36% used [0x00000000fd700000,0x00000000fe56beb8,0x00000000fff00000)
  to   space 41472K, 0% used [0x00000000fae00000,0x00000000fae00000,0x00000000fd680000)
 ParOldGen       total 248320K, used 73323K [0x0000000080000000, 0x000000008f280000, 0x00000000d5580000)
  object space 248320K, 29% used [0x0000000080000000,0x000000008479afb0,0x000000008f280000)
 Metaspace       used 100087K, capacity 107989K, committed 108056K, reserved 1142784K
  class space    used 12858K, capacity 14096K, committed 14128K, reserved 1048576K
Event: 15905.000 GC heap after
Heap after GC invocations=29 (full 4):
 PSYoungGen      total 648192K, used 32965K [0x00000000d5580000, 0x0000000100000000, 0x0000000100000000)
  eden space 614912K, 0% used [0x00000000d5580000,0x00000000d5580000,0x00000000fae00000)
  from space 33280K, 99% used [0x00000000fae00000,0x00000000fce315b0,0x00000000fce80000)
  to   space 43520K, 0% used [0x00000000fd580000,0x00000000fd580000,0x0000000100000000)
 ParOldGen       total 248320K, used 73323K [0x0000000080000000, 0x000000008f280000, 0x00000000d5580000)
  object space 248320K, 29% used [0x0000000080000000,0x000000008479afb0,0x000000008f280000)
 Metaspace       used 100087K, capacity 107989K, committed 108056K, reserved 1142784K
  class space    used 12858K, capacity 14096K, committed 14128K, reserved 1048576K
}
Event: 16131.425 GC heap before
{Heap before GC invocations=30 (full 4):
 PSYoungGen      total 648192K, used 647375K [0x00000000d5580000, 0x0000000100000000, 0x0000000100000000)
  eden space 614912K, 99% used [0x00000000d5580000,0x00000000fad82810,0x00000000fae00000)
  from space 33280K, 99% used [0x00000000fae00000,0x00000000fce315b0,0x00000000fce80000)
  to   space 43520K, 0% used [0x00000000fd580000,0x00000000fd580000,0x0000000100000000)
 ParOldGen       total 248320K, used 73323K [0x0000000080000000, 0x000000008f280000, 0x00000000d5580000)
  object space 248320K, 29% used [0x0000000080000000,0x000000008479afb0,0x000000008f280000)
 Metaspace       used 100169K, capacity 108021K, committed 108056K, reserved 1142784K
  class space    used 12859K, capacity 14128K, committed 14128K, reserved 1048576K
Event: 16131.459 GC heap after
Heap after GC invocations=30 (full 4):
 PSYoungGen      total 655360K, used 29111K [0x00000000d5580000, 0x0000000100000000, 0x0000000100000000)
  eden space 611840K, 0% used [0x00000000d5580000,0x00000000d5580000,0x00000000fab00000)
  from space 43520K, 66% used [0x00000000fd580000,0x00000000ff1edc68,0x0000000100000000)
  to   space 43520K, 0% used [0x00000000fab00000,0x00000000fab00000,0x00000000fd580000)
 ParOldGen       total 248320K, used 73331K [0x0000000080000000, 0x000000008f280000, 0x00000000d5580000)
  object space 248320K, 29% used [0x0000000080000000,0x000000008479cfb0,0x000000008f280000)
 Metaspace       used 100169K, capacity 108021K, committed 108056K, reserved 1142784K
  class space    used 12859K, capacity 14128K, committed 14128K, reserved 1048576K
}
Event: 16318.014 GC heap before
{Heap before GC invocations=31 (full 4):
 PSYoungGen      total 655360K, used 640951K [0x00000000d5580000, 0x0000000100000000, 0x0000000100000000)
  eden space 611840K, 100% used [0x00000000d5580000,0x00000000fab00000,0x00000000fab00000)
  from space 43520K, 66% used [0x00000000fd580000,0x00000000ff1edc68,0x0000000100000000)
  to   space 43520K, 0% used [0x00000000fab00000,0x00000000fab00000,0x00000000fd580000)
 ParOldGen       total 248320K, used 73331K [0x0000000080000000, 0x000000008f280000, 0x00000000d5580000)
  object space 248320K, 29% used [0x0000000080000000,0x000000008479cfb0,0x000000008f280000)
 Metaspace       used 100277K, capacity 108249K, committed 108440K, reserved 1142784K
  class space    used 12862K, capacity 14160K, committed 14256K, reserved 1048576K
Event: 16318.085 GC heap after
Heap after GC invocations=31 (full 4):
 PSYoungGen      total 648704K, used 36630K [0x00000000d5580000, 0x0000000100000000, 0x0000000100000000)
  eden space 611840K, 0% used [0x00000000d5580000,0x00000000d5580000,0x00000000fab00000)
  from space 36864K, 99% used [0x00000000fab00000,0x00000000fcec5bb8,0x00000000fcf00000)
  to   space 46080K, 0% used [0x00000000fd300000,0x00000000fd300000,0x0000000100000000)
 ParOldGen       total 248320K, used 73339K [0x0000000080000000, 0x000000008f280000, 0x00000000d5580000)
  object space 248320K, 29% used [0x0000000080000000,0x000000008479efb0,0x000000008f280000)
 Metaspace       used 100277K, capacity 108249K, committed 108440K, reserved 1142784K
  class space    used 12862K, capacity 14160K, committed 14256K, reserved 1048576K
}
Event: 17563.862 GC heap before
{Heap before GC invocations=32 (full 4):
 PSYoungGen      total 648704K, used 648419K [0x00000000d5580000, 0x0000000100000000, 0x0000000100000000)
  eden space 611840K, 99% used [0x00000000d5580000,0x00000000faaf3258,0x00000000fab00000)
  from space 36864K, 99% used [0x00000000fab00000,0x00000000fcec5bb8,0x00000000fcf00000)
  to   space 46080K, 0% used [0x00000000fd300000,0x00000000fd300000,0x0000000100000000)
 ParOldGen       total 248320K, used 73339K [0x0000000080000000, 0x000000008f280000, 0x00000000d5580000)
  object space 248320K, 29% used [0x0000000080000000,0x000000008479efb0,0x000000008f280000)
 Metaspace       used 102709K, capacity 110589K, committed 110744K, reserved 1144832K
  class space    used 13111K, capacity 14386K, committed 14512K, reserved 1048576K
Event: 17563.937 GC heap after
Heap after GC invocations=32 (full 4):
 PSYoungGen      total 641536K, used 46079K [0x00000000d5580000, 0x0000000100000000, 0x0000000100000000)
  eden space 595456K, 0% used [0x00000000d5580000,0x00000000d5580000,0x00000000f9b00000)
  from space 46080K, 99% used [0x00000000fd300000,0x00000000ffffff98,0x0000000100000000)
  to   space 51712K, 0% used [0x00000000f9b00000,0x00000000f9b00000,0x00000000fcd80000)
 ParOldGen       total 248320K, used 73469K [0x0000000080000000, 0x000000008f280000, 0x00000000d5580000)
  object space 248320K, 29% used [0x0000000080000000,0x00000000847bf6b0,0x000000008f280000)
 Metaspace       used 102709K, capacity 110589K, committed 110744K, reserved 1144832K
  class space    used 13111K, capacity 14386K, committed 14512K, reserved 1048576K
}
Event: 19474.778 GC heap before
{Heap before GC invocations=33 (full 4):
 PSYoungGen      total 641536K, used 641535K [0x00000000d5580000, 0x0000000100000000, 0x0000000100000000)
  eden space 595456K, 100% used [0x00000000d5580000,0x00000000f9b00000,0x00000000f9b00000)
  from space 46080K, 99% used [0x00000000fd300000,0x00000000ffffff98,0x0000000100000000)
  to   space 51712K, 0% used [0x00000000f9b00000,0x00000000f9b00000,0x00000000fcd80000)
 ParOldGen       total 248320K, used 73469K [0x0000000080000000, 0x000000008f280000, 0x00000000d5580000)
  object space 248320K, 29% used [0x0000000080000000,0x00000000847bf6b0,0x000000008f280000)
 Metaspace       used 102835K, capacity 110785K, committed 111000K, reserved 1146880K
  class space    used 13112K, capacity 14386K, committed 14512K, reserved 1048576K
Event: 19474.871 GC heap after
Heap after GC invocations=33 (full 4):
 PSYoungGen      total 604160K, used 8200K [0x00000000d5580000, 0x0000000100000000, 0x0000000100000000)
  eden space 595456K, 0% used [0x00000000d5580000,0x00000000d5580000,0x00000000f9b00000)
  from space 8704K, 94% used [0x00000000f9b00000,0x00000000fa302040,0x00000000fa380000)
  to   space 52736K, 0% used [0x00000000fcc80000,0x00000000fcc80000,0x0000000100000000)
 ParOldGen       total 248320K, used 76487K [0x0000000080000000, 0x000000008f280000, 0x00000000d5580000)
  object space 248320K, 30% used [0x0000000080000000,0x0000000084ab1cf0,0x000000008f280000)
 Metaspace       used 102835K, capacity 110785K, committed 111000K, reserved 1146880K
  class space    used 13112K, capacity 14386K, committed 14512K, reserved 1048576K
}

Deoptimization events (10 events):
Event: 17615.146 Thread 0x000000002080c800 Uncommon trap: reason=unstable_if action=reinterpret pc=0x00000000034226f8 method=java.io.ObjectOutputStream$BlockDataOutputStream.writeBytes(Ljava/lang/String;)V @ 22
Event: 17616.880 Thread 0x000000001f392000 Uncommon trap: reason=array_check action=maybe_recompile pc=0x0000000007096030 method=com.google.common.collect.RegularImmutableMap.fromEntryArray(I[Ljava/util/Map$Entry;)Lcom/google/common/collect/ImmutableMap; @ 157
Event: 17616.882 Thread 0x000000001f392000 Uncommon trap: reason=array_check action=maybe_recompile pc=0x0000000007096030 method=com.google.common.collect.RegularImmutableMap.fromEntryArray(I[Ljava/util/Map$Entry;)Lcom/google/common/collect/ImmutableMap; @ 157
Event: 17616.883 Thread 0x000000001f392000 Uncommon trap: reason=array_check action=maybe_recompile pc=0x0000000007096030 method=com.google.common.collect.RegularImmutableMap.fromEntryArray(I[Ljava/util/Map$Entry;)Lcom/google/common/collect/ImmutableMap; @ 157
Event: 17616.884 Thread 0x000000001f392000 Uncommon trap: reason=array_check action=maybe_recompile pc=0x0000000007096030 method=com.google.common.collect.RegularImmutableMap.fromEntryArray(I[Ljava/util/Map$Entry;)Lcom/google/common/collect/ImmutableMap; @ 157
Event: 19475.127 Thread 0x000000001da55000 Uncommon trap: reason=class_check action=maybe_recompile pc=0x000000000739bd6c method=com.sun.org.apache.xerces.internal.dom.NamedNodeMapImpl.getNamedItem(Ljava/lang/String;)Lorg/w3c/dom/Node; @ 28
Event: 19475.127 Thread 0x000000001da55000 Uncommon trap: reason=class_check action=maybe_recompile pc=0x000000000739bd6c method=com.sun.org.apache.xerces.internal.dom.NamedNodeMapImpl.getNamedItem(Ljava/lang/String;)Lorg/w3c/dom/Node; @ 28
Event: 19475.127 Thread 0x000000001da55000 Uncommon trap: reason=class_check action=maybe_recompile pc=0x000000000739bd6c method=com.sun.org.apache.xerces.internal.dom.NamedNodeMapImpl.getNamedItem(Ljava/lang/String;)Lorg/w3c/dom/Node; @ 28
Event: 19475.128 Thread 0x000000001da55000 Uncommon trap: reason=class_check action=maybe_recompile pc=0x000000000739bd6c method=com.sun.org.apache.xerces.internal.dom.NamedNodeMapImpl.getNamedItem(Ljava/lang/String;)Lorg/w3c/dom/Node; @ 28
Event: 19475.368 Thread 0x000000001da55000 Uncommon trap: reason=bimorphic action=maybe_recompile pc=0x0000000005e65f6c method=com.sun.org.apache.xerces.internal.dom.ParentNode.internalInsertBefore(Lorg/w3c/dom/Node;Lorg/w3c/dom/Node;Z)Lorg/w3c/dom/Node; @ 565

Classes redefined (0 events):
No events

Internal exceptions (10 events):
Event: 17617.225 Thread 0x000000002080c800 Exception <a 'sun/nio/fs/WindowsException'> (0x00000000f4f2db40) thrown at [C:\src\AOSP-openjdk-git\hotspot\src\share\vm\prims\jni.cpp, line 710]
Event: 17617.226 Thread 0x000000002080c800 Exception <a 'sun/nio/fs/WindowsException'> (0x00000000f4f34528) thrown at [C:\src\AOSP-openjdk-git\hotspot\src\share\vm\prims\jni.cpp, line 710]
Event: 17617.226 Thread 0x000000002080c800 Exception <a 'sun/nio/fs/WindowsException'> (0x00000000f4f35268) thrown at [C:\src\AOSP-openjdk-git\hotspot\src\share\vm\prims\jni.cpp, line 710]
Event: 17617.226 Thread 0x000000002080c800 Exception <a 'sun/nio/fs/WindowsException'> (0x00000000f4f37100) thrown at [C:\src\AOSP-openjdk-git\hotspot\src\share\vm\prims\jni.cpp, line 710]
Event: 17617.226 Thread 0x000000002080c800 Exception <a 'sun/nio/fs/WindowsException'> (0x00000000f4f37e60) thrown at [C:\src\AOSP-openjdk-git\hotspot\src\share\vm\prims\jni.cpp, line 710]
Event: 19474.476 Thread 0x000000001f38e800 Exception <a 'sun/nio/fs/WindowsException'> (0x00000000f829d440) thrown at [C:\src\AOSP-openjdk-git\hotspot\src\share\vm\prims\jni.cpp, line 710]
Event: 19474.594 Thread 0x000000001f38e800 Exception <a 'sun/nio/fs/WindowsException'> (0x00000000f87bd8d0) thrown at [C:\src\AOSP-openjdk-git\hotspot\src\share\vm\prims\jni.cpp, line 710]
Event: 19475.783 Thread 0x000000001f38e800 Exception <a 'sun/nio/fs/WindowsException'> (0x00000000dc93ecc8) thrown at [C:\src\AOSP-openjdk-git\hotspot\src\share\vm\prims\jni.cpp, line 710]
Event: 19475.783 Thread 0x000000001f38e800 Exception <a 'sun/nio/fs/WindowsException'> (0x00000000dc940560) thrown at [C:\src\AOSP-openjdk-git\hotspot\src\share\vm\prims\jni.cpp, line 710]
Event: 19476.314 Thread 0x000000001f39b000 Implicit null exception at 0x000000000400ec9e to 0x0000000000000000

Events (10 events):
Event: 19475.496 Executing VM operation: RevokeBias done
Event: 19475.497 Thread 0x0000000019c3f800 Thread added: 0x0000000019c3f800
Event: 19475.577 Executing VM operation: RevokeBias
Event: 19475.577 Executing VM operation: RevokeBias done
Event: 19476.024 Thread 0x000000001f38e800 DEOPT PACKING pc=0x000000000713a0c5 sp=0x000000001c15a220
Event: 19476.024 Thread 0x000000001f38e800 DEOPT UNPACKING pc=0x00000000027375d0 sp=0x000000001c159fd0 mode 0
Event: 19476.034 Thread 0x0000000019c3b000 Thread added: 0x0000000019c3b000
Event: 19476.034 Thread 0x0000000019c3c000 Thread added: 0x0000000019c3c000
Event: 19476.283 Executing VM operation: RevokeBias
Event: 19476.284 Executing VM operation: RevokeBias done


Dynamic libraries:
0x00007ff6cd970000 - 0x00007ff6cd9a1000 	C:\Program Files\Android\Android Studio\jre\bin\java.exe
0x00007ffc518a0000 - 0x00007ffc51aaf000 	C:\WINDOWS\SYSTEM32\ntdll.dll
0x00007ffc504c0000 - 0x00007ffc5057d000 	C:\WINDOWS\System32\KERNEL32.DLL
0x00007ffc4f140000 - 0x00007ffc4f4cc000 	C:\WINDOWS\System32\KERNELBASE.dll
0x00007ffc4ff10000 - 0x00007ffc4ffbe000 	C:\WINDOWS\System32\ADVAPI32.dll
0x00007ffc50bc0000 - 0x00007ffc50c64000 	C:\WINDOWS\System32\msvcrt.dll
0x00007ffc50cd0000 - 0x00007ffc50d71000 	C:\WINDOWS\System32\sechost.dll
0x00007ffc50e00000 - 0x00007ffc50f1f000 	C:\WINDOWS\System32\RPCRT4.dll
0x00007ffc500e0000 - 0x00007ffc50286000 	C:\WINDOWS\System32\USER32.dll
0x00007ffc4f6f0000 - 0x00007ffc4f716000 	C:\WINDOWS\System32\win32u.dll
0x00007ffc4f810000 - 0x00007ffc4f839000 	C:\WINDOWS\System32\GDI32.dll
0x00007ffc4ee90000 - 0x00007ffc4efa7000 	C:\WINDOWS\System32\gdi32full.dll
0x00007ffc4efb0000 - 0x00007ffc4f04a000 	C:\WINDOWS\System32\msvcp_win.dll
0x00007ffc4ed70000 - 0x00007ffc4ee81000 	C:\WINDOWS\System32\ucrtbase.dll
0x00007ffc3e390000 - 0x00007ffc3e631000 	C:\WINDOWS\WinSxS\amd64_microsoft.windows.common-controls_6595b64144ccf1df_6.0.22483.1000_none_2379e275ad5e9fb8\COMCTL32.dll
0x00007ffc4fdb0000 - 0x00007ffc4fde1000 	C:\WINDOWS\System32\IMM32.DLL
0x0000000058770000 - 0x0000000058842000 	C:\Program Files\Android\Android Studio\jre\jre\bin\msvcr100.dll
0x00000000575c0000 - 0x0000000057e0b000 	C:\Program Files\Android\Android Studio\jre\jre\bin\server\jvm.dll
0x00007ffc4f910000 - 0x00007ffc4f918000 	C:\WINDOWS\System32\PSAPI.DLL
0x00007ffc4a650000 - 0x00007ffc4a684000 	C:\WINDOWS\SYSTEM32\WINMM.dll
0x00007ffc3cba0000 - 0x00007ffc3cba9000 	C:\WINDOWS\SYSTEM32\WSOCK32.dll
0x00007ffc50d80000 - 0x00007ffc50df1000 	C:\WINDOWS\System32\WS2_32.dll
0x00007ffc47e80000 - 0x00007ffc47e8a000 	C:\WINDOWS\SYSTEM32\VERSION.dll
0x00007ffc42230000 - 0x00007ffc4223f000 	C:\Program Files\Android\Android Studio\jre\jre\bin\verify.dll
0x00007ffbfdce0000 - 0x00007ffbfdd09000 	C:\Program Files\Android\Android Studio\jre\jre\bin\java.dll
0x00007ffc42360000 - 0x00007ffc42376000 	C:\Program Files\Android\Android Studio\jre\jre\bin\zip.dll
0x00007ffc510b0000 - 0x00007ffc5185c000 	C:\WINDOWS\System32\SHELL32.dll
0x00007ffc4cdf0000 - 0x00007ffc4d647000 	C:\WINDOWS\SYSTEM32\windows.storage.dll
0x00007ffc50840000 - 0x00007ffc50bbb000 	C:\WINDOWS\System32\combase.dll
0x00007ffc4cca0000 - 0x00007ffc4cde9000 	C:\WINDOWS\SYSTEM32\wintypes.dll
0x00007ffc4f720000 - 0x00007ffc4f810000 	C:\WINDOWS\System32\SHCORE.dll
0x00007ffc50c70000 - 0x00007ffc50ccb000 	C:\WINDOWS\System32\shlwapi.dll
0x00007ffc4eca0000 - 0x00007ffc4ecc1000 	C:\WINDOWS\SYSTEM32\profapi.dll
0x00007ffc42270000 - 0x00007ffc4228a000 	C:\Program Files\Android\Android Studio\jre\jre\bin\net.dll
0x00007ffc4e250000 - 0x00007ffc4e2b9000 	C:\WINDOWS\system32\mswsock.dll
0x00007ffc42250000 - 0x00007ffc42263000 	C:\Program Files\Android\Android Studio\jre\jre\bin\nio.dll
0x00007ffc2cb70000 - 0x00007ffc2cb97000 	C:\Users\papon\.gradle\native\f6784746aeab05261644944871eae4fe03e0ef1612fff0a4a95f87b438bc6780\windows-amd64\native-platform.dll
0x00007ffc42240000 - 0x00007ffc4224d000 	C:\Program Files\Android\Android Studio\jre\jre\bin\management.dll
0x00007ffc4e590000 - 0x00007ffc4e5a8000 	C:\WINDOWS\SYSTEM32\CRYPTSP.dll
0x00007ffc4dd80000 - 0x00007ffc4ddb5000 	C:\WINDOWS\system32\rsaenh.dll
0x00007ffc4e2f0000 - 0x00007ffc4e319000 	C:\WINDOWS\SYSTEM32\USERENV.dll
0x00007ffc4e6f0000 - 0x00007ffc4e718000 	C:\WINDOWS\SYSTEM32\bcrypt.dll
0x00007ffc4f0b0000 - 0x00007ffc4f131000 	C:\WINDOWS\System32\bcryptprimitives.dll
0x00007ffc4e440000 - 0x00007ffc4e44c000 	C:\WINDOWS\SYSTEM32\CRYPTBASE.dll
0x00007ffc4d880000 - 0x00007ffc4d8ad000 	C:\WINDOWS\SYSTEM32\IPHLPAPI.DLL
0x00007ffc50580000 - 0x00007ffc50589000 	C:\WINDOWS\System32\NSI.dll
0x00007ffc47280000 - 0x00007ffc47299000 	C:\WINDOWS\SYSTEM32\dhcpcsvc6.DLL
0x00007ffc47260000 - 0x00007ffc4727e000 	C:\WINDOWS\SYSTEM32\dhcpcsvc.DLL
0x00007ffc4d8b0000 - 0x00007ffc4d9a7000 	C:\WINDOWS\SYSTEM32\DNSAPI.dll
0x00007ffc4c450000 - 0x00007ffc4c45c000 	C:\WINDOWS\SYSTEM32\WINNSI.DLL
0x00007ffc216c0000 - 0x00007ffc216e4000 	C:\Program Files\Android\Android Studio\jre\jre\bin\sunec.dll
0x00007ffc45a60000 - 0x00007ffc45a6a000 	C:\Windows\System32\rasadhlp.dll
0x00007ffc40650000 - 0x00007ffc406d2000 	C:\WINDOWS\System32\fwpuclnt.dll
0x00007ffc21390000 - 0x00007ffc2139b000 	C:\Program Files\Android\Android Studio\jre\jre\bin\sunmscapi.dll
0x00007ffc4f4d0000 - 0x00007ffc4f62b000 	C:\WINDOWS\System32\CRYPT32.dll
0x00007ffc3a770000 - 0x00007ffc3a997000 	C:\WINDOWS\SYSTEM32\dbghelp.dll

VM Arguments:
jvm_args: -Xmx2048m -Dfile.encoding=UTF-8 -Duser.country=US -Duser.language=en -Duser.variant 
java_command: org.gradle.launcher.daemon.bootstrap.GradleDaemon 6.5
java_class_path (initial): C:\Users\papon\.gradle\wrapper\dists\gradle-6.5-bin\6nifqtx7604sqp1q6g8wikw7p\gradle-6.5\lib\gradle-launcher-6.5.jar
Launcher Type: SUN_STANDARD

Environment Variables:
USERNAME=Papon
OS=Windows_NT
PROCESSOR_IDENTIFIER=Intel64 Family 6 Model 158 Stepping 9, GenuineIntel



---------------  S Y S T E M  ---------------

OS: Windows 10.0 , 64 bit Build 22483 (10.0.22483.1000)

CPU:total 4 (initial active 4) (2 cores per cpu, 2 threads per core) family 6 model 158 stepping 9, cmov, cx8, fxsr, mmx, sse, sse2, sse3, ssse3, sse4.1, sse4.2, popcnt, avx, avx2, aes, clmul, erms, 3dnowpref, lzcnt, ht, tsc, tscinvbit, bmi1, bmi2, adx

Memory: 4k page, physical 12540048k(5464964k free), swap 15030416k(4682520k free)

vm_info: OpenJDK 64-Bit Server VM (25.242-b01) for windows-amd64 JRE (1.8.0_242-release-1644-b01), built by "builder" with MS VC++ 10.0 (VS2010)

time: Fri Oct 29 23:05:28 2021
timezone: Bangladesh Standard Time
elapsed time: 19476 seconds (0d 5h 24m 36s)

